Started GET "/" for 127.0.0.1 at 2023-09-03 22:58:50 -0300
Processing by Rails::WelcomeController#index as HTML
  Rendering /usr/share/rvm/gems/ruby-3.2.1/gems/railties-7.0.7.2/lib/rails/templates/rails/welcome/index.html.erb
  Rendered /usr/share/rvm/gems/ruby-3.2.1/gems/railties-7.0.7.2/lib/rails/templates/rails/welcome/index.html.erb (Duration: 7.6ms | Allocations: 633)
Completed 200 OK in 137ms (Views: 35.8ms | ActiveRecord: 0.0ms | Allocations: 7368)


Started GET "/articles" for 127.0.0.1 at 2023-09-04 23:05:14 -0300
  
ActionController::RoutingError (No route matches [GET] "/articles"):
  
Started GET "/" for 127.0.0.1 at 2023-09-04 23:06:14 -0300
Processing by Rails::WelcomeController#index as HTML
  Rendering /usr/share/rvm/gems/ruby-3.2.1/gems/railties-7.0.7.2/lib/rails/templates/rails/welcome/index.html.erb
  Rendered /usr/share/rvm/gems/ruby-3.2.1/gems/railties-7.0.7.2/lib/rails/templates/rails/welcome/index.html.erb (Duration: 13.7ms | Allocations: 281)
Completed 200 OK in 84ms (Views: 29.0ms | ActiveRecord: 0.0ms | Allocations: 2243)


Started GET "/articles" for 127.0.0.1 at 2023-09-04 23:06:25 -0300
  
ActionController::RoutingError (No route matches [GET] "/articles"):
  
Started GET "/articles" for 127.0.0.1 at 2023-09-04 23:08:45 -0300
  
ActionController::RoutingError (No route matches [GET] "/articles"):
  
Started GET "/articles" for 127.0.0.1 at 2023-09-04 23:09:08 -0300
  
ActionController::RoutingError (No route matches [GET] "/articles"):
  
Started GET "/articles" for 127.0.0.1 at 2023-09-04 23:10:51 -0300
  
ActionController::RoutingError (No route matches [GET] "/articles"):
  
Started GET "/articles" for 127.0.0.1 at 2023-09-04 23:15:30 -0300
Processing by ArticlesController#index as HTML
  Rendering layout layouts/application.html.erb
  Rendering articles/index.html.erb within layouts/application
  Rendered articles/index.html.erb within layouts/application (Duration: 1.2ms | Allocations: 111)
  Rendered layout layouts/application.html.erb (Duration: 2797.9ms | Allocations: 84824)
Completed 200 OK in 2880ms (Views: 2830.5ms | ActiveRecord: 0.0ms | Allocations: 87007)


Started GET "/" for 127.0.0.1 at 2023-09-05 19:31:45 -0300
Processing by ArticlesController#index as HTML
  Rendering layout layouts/application.html.erb
  Rendering articles/index.html.erb within layouts/application
  Rendered articles/index.html.erb within layouts/application (Duration: 3.2ms | Allocations: 299)
  Rendered layout layouts/application.html.erb (Duration: 1021.5ms | Allocations: 33338)
Completed 200 OK in 1116ms (Views: 1054.6ms | ActiveRecord: 0.0ms | Allocations: 37266)


  [1m[35m (10.7ms)[0m  [1m[35mCREATE TABLE "schema_migrations" ("version" varchar NOT NULL PRIMARY KEY)[0m
  [1m[35m (11.0ms)[0m  [1m[35mCREATE TABLE "ar_internal_metadata" ("key" varchar NOT NULL PRIMARY KEY, "value" varchar, "created_at" datetime(6) NOT NULL, "updated_at" datetime(6) NOT NULL)[0m
  [1m[36mActiveRecord::SchemaMigration Pluck (0.3ms)[0m  [1m[34mSELECT "schema_migrations"."version" FROM "schema_migrations" ORDER BY "schema_migrations"."version" ASC[0m
Migrating to CreateArticles (20230906020150)
  [1m[36mTRANSACTION (0.2ms)[0m  [1m[36mbegin transaction[0m
  [1m[35m (2.6ms)[0m  [1m[35mCREATE TABLE "articles" ("id" integer PRIMARY KEY AUTOINCREMENT NOT NULL, "title" varchar, "body" text, "created_at" datetime(6) NOT NULL, "updated_at" datetime(6) NOT NULL)[0m
  [1m[36mActiveRecord::SchemaMigration Create (3.4ms)[0m  [1m[32mINSERT INTO "schema_migrations" ("version") VALUES (?)[0m  [["version", "20230906020150"]]
  [1m[36mTRANSACTION (15.1ms)[0m  [1m[36mcommit transaction[0m
  [1m[36mActiveRecord::InternalMetadata Load (0.3ms)[0m  [1m[34mSELECT "ar_internal_metadata".* FROM "ar_internal_metadata" WHERE "ar_internal_metadata"."key" = ? LIMIT ?[0m  [["key", "environment"], ["LIMIT", 1]]
  [1m[36mTRANSACTION (0.1ms)[0m  [1m[36mbegin transaction[0m
  [1m[36mActiveRecord::InternalMetadata Create (28.2ms)[0m  [1m[32mINSERT INTO "ar_internal_metadata" ("key", "value", "created_at", "updated_at") VALUES (?, ?, ?, ?)[0m  [["key", "environment"], ["value", "development"], ["created_at", "2023-09-06 02:05:08.584503"], ["updated_at", "2023-09-06 02:05:08.584503"]]
  [1m[36mTRANSACTION (26.6ms)[0m  [1m[36mcommit transaction[0m
  [1m[36mActiveRecord::SchemaMigration Pluck (0.2ms)[0m  [1m[34mSELECT "schema_migrations"."version" FROM "schema_migrations" ORDER BY "schema_migrations"."version" ASC[0m
  [1m[36mTRANSACTION (0.1ms)[0m  [1m[36mbegin transaction[0m
  [1m[36mArticle Create (4.4ms)[0m  [1m[32mINSERT INTO "articles" ("title", "body", "created_at", "updated_at") VALUES (?, ?, ?, ?)[0m  [["title", "Hello Rails"], ["body", "I am on Rails!"], ["created_at", "2023-09-06 02:10:24.580929"], ["updated_at", "2023-09-06 02:10:24.580929"]]
  [1m[36mTRANSACTION (14.5ms)[0m  [1m[36mcommit transaction[0m
  [1m[36mArticle Load (0.4ms)[0m  [1m[34mSELECT "articles".* FROM "articles" WHERE "articles"."id" = ? LIMIT ?[0m  [["id", 1], ["LIMIT", 1]]
  [1m[36mArticle Load (0.4ms)[0m  [1m[34mSELECT "articles".* FROM "articles"[0m
Started GET "/" for 127.0.0.1 at 2023-09-05 23:15:59 -0300
  [1m[36mActiveRecord::SchemaMigration Pluck (2.9ms)[0m  [1m[34mSELECT "schema_migrations"."version" FROM "schema_migrations" ORDER BY "schema_migrations"."version" ASC[0m
Processing by ArticlesController#index as HTML
  Rendering layout layouts/application.html.erb
  Rendering articles/index.html.erb within layouts/application
  Rendered articles/index.html.erb within layouts/application (Duration: 5.1ms | Allocations: 299)
  Rendered layout layouts/application.html.erb (Duration: 898.1ms | Allocations: 33212)
Completed 200 OK in 962ms (Views: 912.3ms | ActiveRecord: 0.0ms | Allocations: 37139)


Started GET "/" for 127.0.0.1 at 2023-09-06 23:10:51 -0300
  [1m[36mActiveRecord::SchemaMigration Pluck (0.3ms)[0m  [1m[34mSELECT "schema_migrations"."version" FROM "schema_migrations" ORDER BY "schema_migrations"."version" ASC[0m
Processing by ArticlesController#index as HTML
  Rendering layout layouts/application.html.erb
  Rendering articles/index.html.erb within layouts/application
  Rendered articles/index.html.erb within layouts/application (Duration: 6.1ms | Allocations: 298)
  Rendered layout layouts/application.html.erb (Duration: 905.1ms | Allocations: 33127)
Completed 200 OK in 1003ms (Views: 932.6ms | ActiveRecord: 0.0ms | Allocations: 37684)


Started GET "/" for 127.0.0.1 at 2023-09-06 23:13:20 -0300
Processing by ArticlesController#index as HTML
  Rendering layout layouts/application.html.erb
  Rendering articles/index.html.erb within layouts/application
  [1m[36mArticle Load (23.5ms)[0m  [1m[34mSELECT "articles".* FROM "articles"[0m
  ↳ app/views/articles/index.html.erb:4
  Rendered articles/index.html.erb within layouts/application (Duration: 225.1ms | Allocations: 5234)
  Rendered layout layouts/application.html.erb (Duration: 645.3ms | Allocations: 18396)
Completed 200 OK in 678ms (Views: 620.3ms | ActiveRecord: 49.8ms | Allocations: 19839)


Started GET "/articles/1" for 127.0.0.1 at 2023-09-07 17:27:58 -0300
  [1m[36mActiveRecord::SchemaMigration Pluck (0.4ms)[0m  [1m[34mSELECT "schema_migrations"."version" FROM "schema_migrations" ORDER BY "schema_migrations"."version" ASC[0m
  
AbstractController::ActionNotFound (The action 'show' could not be found for ArticlesController):
  
actionpack (7.0.7.2) lib/abstract_controller/base.rb:146:in `process'
actionview (7.0.7.2) lib/action_view/rendering.rb:39:in `process'
actionpack (7.0.7.2) lib/action_controller/metal.rb:188:in `dispatch'
actionpack (7.0.7.2) lib/action_controller/metal.rb:251:in `dispatch'
actionpack (7.0.7.2) lib/action_dispatch/routing/route_set.rb:49:in `dispatch'
actionpack (7.0.7.2) lib/action_dispatch/routing/route_set.rb:32:in `serve'
actionpack (7.0.7.2) lib/action_dispatch/journey/router.rb:50:in `block in serve'
actionpack (7.0.7.2) lib/action_dispatch/journey/router.rb:32:in `each'
actionpack (7.0.7.2) lib/action_dispatch/journey/router.rb:32:in `serve'
actionpack (7.0.7.2) lib/action_dispatch/routing/route_set.rb:852:in `call'
rack (2.2.8) lib/rack/tempfile_reaper.rb:15:in `call'
rack (2.2.8) lib/rack/etag.rb:27:in `call'
rack (2.2.8) lib/rack/conditional_get.rb:27:in `call'
rack (2.2.8) lib/rack/head.rb:12:in `call'
actionpack (7.0.7.2) lib/action_dispatch/http/permissions_policy.rb:38:in `call'
actionpack (7.0.7.2) lib/action_dispatch/http/content_security_policy.rb:36:in `call'
rack (2.2.8) lib/rack/session/abstract/id.rb:266:in `context'
rack (2.2.8) lib/rack/session/abstract/id.rb:260:in `call'
actionpack (7.0.7.2) lib/action_dispatch/middleware/cookies.rb:704:in `call'
activerecord (7.0.7.2) lib/active_record/migration.rb:603:in `call'
actionpack (7.0.7.2) lib/action_dispatch/middleware/callbacks.rb:27:in `block in call'
activesupport (7.0.7.2) lib/active_support/callbacks.rb:99:in `run_callbacks'
actionpack (7.0.7.2) lib/action_dispatch/middleware/callbacks.rb:26:in `call'
actionpack (7.0.7.2) lib/action_dispatch/middleware/executor.rb:14:in `call'
actionpack (7.0.7.2) lib/action_dispatch/middleware/actionable_exceptions.rb:17:in `call'
actionpack (7.0.7.2) lib/action_dispatch/middleware/debug_exceptions.rb:28:in `call'
web-console (4.2.0) lib/web_console/middleware.rb:132:in `call_app'
web-console (4.2.0) lib/web_console/middleware.rb:28:in `block in call'
web-console (4.2.0) lib/web_console/middleware.rb:17:in `catch'
web-console (4.2.0) lib/web_console/middleware.rb:17:in `call'
actionpack (7.0.7.2) lib/action_dispatch/middleware/show_exceptions.rb:29:in `call'
railties (7.0.7.2) lib/rails/rack/logger.rb:40:in `call_app'
railties (7.0.7.2) lib/rails/rack/logger.rb:25:in `block in call'
activesupport (7.0.7.2) lib/active_support/tagged_logging.rb:99:in `block in tagged'
activesupport (7.0.7.2) lib/active_support/tagged_logging.rb:37:in `tagged'
activesupport (7.0.7.2) lib/active_support/tagged_logging.rb:99:in `tagged'
railties (7.0.7.2) lib/rails/rack/logger.rb:25:in `call'
sprockets-rails (3.4.2) lib/sprockets/rails/quiet_assets.rb:13:in `call'
actionpack (7.0.7.2) lib/action_dispatch/middleware/remote_ip.rb:93:in `call'
actionpack (7.0.7.2) lib/action_dispatch/middleware/request_id.rb:26:in `call'
rack (2.2.8) lib/rack/method_override.rb:24:in `call'
rack (2.2.8) lib/rack/runtime.rb:22:in `call'
activesupport (7.0.7.2) lib/active_support/cache/strategy/local_cache_middleware.rb:29:in `call'
actionpack (7.0.7.2) lib/action_dispatch/middleware/server_timing.rb:61:in `block in call'
actionpack (7.0.7.2) lib/action_dispatch/middleware/server_timing.rb:26:in `collect_events'
actionpack (7.0.7.2) lib/action_dispatch/middleware/server_timing.rb:60:in `call'
actionpack (7.0.7.2) lib/action_dispatch/middleware/executor.rb:14:in `call'
actionpack (7.0.7.2) lib/action_dispatch/middleware/static.rb:23:in `call'
rack (2.2.8) lib/rack/sendfile.rb:110:in `call'
actionpack (7.0.7.2) lib/action_dispatch/middleware/host_authorization.rb:137:in `call'
railties (7.0.7.2) lib/rails/engine.rb:530:in `call'
puma (5.6.7) lib/puma/configuration.rb:252:in `call'
puma (5.6.7) lib/puma/request.rb:77:in `block in handle_request'
puma (5.6.7) lib/puma/thread_pool.rb:340:in `with_force_shutdown'
puma (5.6.7) lib/puma/request.rb:76:in `handle_request'
puma (5.6.7) lib/puma/server.rb:443:in `process_client'
puma (5.6.7) lib/puma/thread_pool.rb:147:in `block in spawn_thread'
Started GET "/articles/1" for 127.0.0.1 at 2023-09-07 17:28:50 -0300
Processing by ArticlesController#show as HTML
  Parameters: {"id"=>"1"}
  Rendering layout layouts/application.html.erb
  Rendering articles/show.html.erb within layouts/application
  Rendered articles/show.html.erb within layouts/application (Duration: 5.2ms | Allocations: 1021)
  Rendered layout layouts/application.html.erb (Duration: 7.1ms | Allocations: 1111)
Completed 500 Internal Server Error in 256ms (ActiveRecord: 0.0ms | Allocations: 7798)


  
ActionView::Template::Error (undefined method `title' for nil:NilClass):
    1: <h1><%= @article.title %></h1>
    2: 
    3: <p><%= @article.body %></p>
  
app/views/articles/show.html.erb:1
Started GET "/articles/1" for 127.0.0.1 at 2023-09-07 17:30:25 -0300
Processing by ArticlesController#show as HTML
  Parameters: {"id"=>"1"}
  Rendering layout layouts/application.html.erb
  Rendering articles/show.html.erb within layouts/application
  Rendered articles/show.html.erb within layouts/application (Duration: 21.7ms | Allocations: 1069)
  Rendered layout layouts/application.html.erb (Duration: 49.2ms | Allocations: 1158)
Completed 500 Internal Server Error in 129ms (ActiveRecord: 0.0ms | Allocations: 1762)


  
ActionView::Template::Error (undefined method `title' for nil:NilClass):
    1: <h1><%= @article.title %></h1>
    2: 
    3: <p><%= @article.body %></p>
  
app/views/articles/show.html.erb:1
Started GET "/" for 127.0.0.1 at 2023-09-07 17:32:54 -0300
Processing by ArticlesController#index as HTML
  Rendering layout layouts/application.html.erb
  Rendering articles/index.html.erb within layouts/application
  [1m[36mArticle Load (5.4ms)[0m  [1m[34mSELECT "articles".* FROM "articles"[0m
  ↳ app/views/articles/index.html.erb:4
  Rendered articles/index.html.erb within layouts/application (Duration: 147.5ms | Allocations: 5111)
  Rendered layout layouts/application.html.erb (Duration: 1219.4ms | Allocations: 38018)
Completed 200 OK in 1542ms (Views: 1226.6ms | ActiveRecord: 13.3ms | Allocations: 44054)


Started GET "/articles/1" for 127.0.0.1 at 2023-09-07 17:32:59 -0300
Processing by ArticlesController#show as HTML
  Parameters: {"id"=>"1"}
  Rendering layout layouts/application.html.erb
  Rendering articles/show.html.erb within layouts/application
  Rendered articles/show.html.erb within layouts/application (Duration: 30.7ms | Allocations: 938)
  Rendered layout layouts/application.html.erb (Duration: 47.4ms | Allocations: 1025)
Completed 500 Internal Server Error in 50ms (ActiveRecord: 0.0ms | Allocations: 1259)


  
ActionView::Template::Error (undefined method `title' for nil:NilClass):
    1: <h1><%= @article.title %></h1>
    2: 
    3: <p><%= @article.body %></p>
  
app/views/articles/show.html.erb:1
Started GET "/articles/1" for 127.0.0.1 at 2023-09-07 17:34:41 -0300
Processing by ArticlesController#show as HTML
  Parameters: {"id"=>"1"}
  [1m[36mArticle Load (0.3ms)[0m  [1m[34mSELECT "articles".* FROM "articles" WHERE "articles"."id" = ? LIMIT ?[0m  [["id", 1], ["LIMIT", 1]]
  ↳ app/controllers/articles_controller.rb:7:in `show'
  Rendering layout layouts/application.html.erb
  Rendering articles/show.html.erb within layouts/application
  Rendered articles/show.html.erb within layouts/application (Duration: 1.7ms | Allocations: 22)
  Rendered layout layouts/application.html.erb (Duration: 131.6ms | Allocations: 13003)
Completed 200 OK in 240ms (Views: 152.9ms | ActiveRecord: 9.2ms | Allocations: 17971)


Started GET "/articles/1" for 127.0.0.1 at 2023-09-07 17:52:54 -0300
Processing by ArticlesController#show as HTML
  Parameters: {"id"=>"1"}
  [1m[36mArticle Load (0.3ms)[0m  [1m[34mSELECT "articles".* FROM "articles" WHERE "articles"."id" = ? LIMIT ?[0m  [["id", 1], ["LIMIT", 1]]
  ↳ app/controllers/articles_controller.rb:7:in `show'
  Rendering layout layouts/application.html.erb
  Rendering articles/show.html.erb within layouts/application
  Rendered articles/show.html.erb within layouts/application (Duration: 4.3ms | Allocations: 11)
  Rendered layout layouts/application.html.erb (Duration: 139.0ms | Allocations: 2270)
Completed 200 OK in 276ms (Views: 171.3ms | ActiveRecord: 14.7ms | Allocations: 3157)


Started GET "/" for 127.0.0.1 at 2023-09-08 20:25:48 -0300
  [1m[36mActiveRecord::SchemaMigration Pluck (1.0ms)[0m  [1m[34mSELECT "schema_migrations"."version" FROM "schema_migrations" ORDER BY "schema_migrations"."version" ASC[0m
Processing by ArticlesController#index as HTML
  Rendering layout layouts/application.html.erb
  Rendering articles/index.html.erb within layouts/application
  [1m[36mArticle Load (0.3ms)[0m  [1m[34mSELECT "articles".* FROM "articles"[0m
  ↳ app/views/articles/index.html.erb:4
  Rendered articles/index.html.erb within layouts/application (Duration: 88.6ms | Allocations: 5319)
  Rendered layout layouts/application.html.erb (Duration: 793.2ms | Allocations: 38212)
Completed 200 OK in 881ms (Views: 809.9ms | ActiveRecord: 1.8ms | Allocations: 42770)


Started GET "/articles/1" for 127.0.0.1 at 2023-09-08 20:25:53 -0300
Processing by ArticlesController#show as HTML
  Parameters: {"id"=>"1"}
  [1m[36mArticle Load (0.5ms)[0m  [1m[34mSELECT "articles".* FROM "articles" WHERE "articles"."id" = ? LIMIT ?[0m  [["id", 1], ["LIMIT", 1]]
  ↳ app/controllers/articles_controller.rb:7:in `show'
  Rendering layout layouts/application.html.erb
  Rendering articles/show.html.erb within layouts/application
  Rendered articles/show.html.erb within layouts/application (Duration: 2.3ms | Allocations: 146)
  Rendered layout layouts/application.html.erb (Duration: 57.3ms | Allocations: 2446)
Completed 200 OK in 170ms (Views: 66.5ms | ActiveRecord: 0.5ms | Allocations: 10056)


Started GET "/articles/" for 127.0.0.1 at 2023-09-11 19:31:33 -0300
  [1m[36mActiveRecord::SchemaMigration Pluck (0.3ms)[0m  [1m[34mSELECT "schema_migrations"."version" FROM "schema_migrations" ORDER BY "schema_migrations"."version" ASC[0m
Processing by ArticlesController#index as HTML
  Rendering layout layouts/application.html.erb
  Rendering articles/index.html.erb within layouts/application
  [1m[36mArticle Load (0.5ms)[0m  [1m[34mSELECT "articles".* FROM "articles"[0m
  ↳ app/views/articles/index.html.erb:4
  Rendered articles/index.html.erb within layouts/application (Duration: 94.1ms | Allocations: 6596)
  Rendered layout layouts/application.html.erb (Duration: 95.9ms | Allocations: 6698)
Completed 500 Internal Server Error in 207ms (ActiveRecord: 1.9ms | Allocations: 11195)


  
ActionView::Template::Error (undefined method `article_path' for #<ActionView::Base:0x0000000000a6b8>):
    3: <ul>
    4:   <% @articles.each do |article| %>
    5:     <li>
    6:       <a href="<%= article_path(article) %>">
    7:         <%= article.title %>
    8:       </a>
    9:     </li>
  
app/views/articles/index.html.erb:6
app/views/articles/index.html.erb:4
Started GET "/" for 127.0.0.1 at 2023-09-11 19:31:47 -0300
Processing by ArticlesController#index as HTML
  Rendering layout layouts/application.html.erb
  Rendering articles/index.html.erb within layouts/application
  [1m[36mArticle Load (0.2ms)[0m  [1m[34mSELECT "articles".* FROM "articles"[0m
  ↳ app/views/articles/index.html.erb:4
  Rendered articles/index.html.erb within layouts/application (Duration: 77.4ms | Allocations: 1515)
  Rendered layout layouts/application.html.erb (Duration: 104.2ms | Allocations: 1603)
Completed 500 Internal Server Error in 132ms (ActiveRecord: 0.2ms | Allocations: 1856)


  
ActionView::Template::Error (undefined method `article_path' for #<ActionView::Base:0x0000000000a9b0>):
    3: <ul>
    4:   <% @articles.each do |article| %>
    5:     <li>
    6:       <a href="<%= article_path(article) %>">
    7:         <%= article.title %>
    8:       </a>
    9:     </li>
  
app/views/articles/index.html.erb:6
app/views/articles/index.html.erb:4
Started GET "/" for 127.0.0.1 at 2023-09-11 19:37:59 -0300
Processing by ArticlesController#index as HTML
  Rendering layout layouts/application.html.erb
  Rendering articles/index.html.erb within layouts/application
  [1m[36mArticle Load (1.2ms)[0m  [1m[34mSELECT "articles".* FROM "articles"[0m
  ↳ app/views/articles/index.html.erb:4
  Rendered articles/index.html.erb within layouts/application (Duration: 113.7ms | Allocations: 1856)
  Rendered layout layouts/application.html.erb (Duration: 118.2ms | Allocations: 1945)
Completed 500 Internal Server Error in 229ms (ActiveRecord: 2.3ms | Allocations: 2751)


  
ActionView::Template::Error (undefined method `article_path' for #<ActionView::Base:0x0000000000ad20>):
    3: <ul>
    4:   <% @articles.each do |article| %>
    5:     <li>
    6:       <a href="<%= article_path(article) %>">
    7:         <%= article.title %>
    8:       </a>
    9:     </li>
  
app/views/articles/index.html.erb:6
app/views/articles/index.html.erb:4
Started GET "/" for 127.0.0.1 at 2023-09-11 19:40:41 -0300
  [1m[36mActiveRecord::SchemaMigration Pluck (0.4ms)[0m  [1m[34mSELECT "schema_migrations"."version" FROM "schema_migrations" ORDER BY "schema_migrations"."version" ASC[0m
Processing by ArticlesController#index as HTML
  Rendering layout layouts/application.html.erb
  Rendering articles/index.html.erb within layouts/application
  [1m[36mArticle Load (0.3ms)[0m  [1m[34mSELECT "articles".* FROM "articles"[0m
  ↳ app/views/articles/index.html.erb:4
  Rendered articles/index.html.erb within layouts/application (Duration: 137.7ms | Allocations: 6596)
  Rendered layout layouts/application.html.erb (Duration: 141.0ms | Allocations: 6698)
Completed 500 Internal Server Error in 236ms (ActiveRecord: 31.8ms | Allocations: 11195)


  
ActionView::Template::Error (undefined method `article_path' for #<ActionView::Base:0x0000000000a6b8>):
    3: <ul>
    4:   <% @articles.each do |article| %>
    5:     <li>
    6:       <a href="<%= article_path(article) %>">
    7:         <%= article.title %>
    8:       </a>
    9:     </li>
  
app/views/articles/index.html.erb:6
app/views/articles/index.html.erb:4
Started GET "/" for 127.0.0.1 at 2023-09-11 19:44:43 -0300
Processing by ArticlesController#index as HTML
  Rendering layout layouts/application.html.erb
  Rendering articles/index.html.erb within layouts/application
  [1m[36mArticle Load (0.4ms)[0m  [1m[34mSELECT "articles".* FROM "articles"[0m
  ↳ app/views/articles/index.html.erb:4
  Rendered articles/index.html.erb within layouts/application (Duration: 127.9ms | Allocations: 3202)
  Rendered layout layouts/application.html.erb (Duration: 142.3ms | Allocations: 3291)
Completed 500 Internal Server Error in 211ms (ActiveRecord: 3.4ms | Allocations: 4332)


  
ActionView::Template::Error (undefined method `article_path' for #<ActionView::Base:0x0000000000e2e0>):
    3: <ul>
    4:   <% @articles.each do |article| %>
    5:     <li>
    6:       <a href="<%= article_path(article) %>">
    7:         <%= article.title %>
    8:       </a>
    9:     </li>
  
app/views/articles/index.html.erb:6
app/views/articles/index.html.erb:4
Started GET "/articles/new" for 127.0.0.1 at 2023-09-11 19:50:20 -0300
Processing by ArticlesController#show as HTML
  Parameters: {"id"=>"new"}
  [1m[36mArticle Load (0.3ms)[0m  [1m[34mSELECT "articles".* FROM "articles" WHERE "articles"."id" = ? LIMIT ?[0m  [["id", nil], ["LIMIT", 1]]
  ↳ app/controllers/articles_controller.rb:7:in `show'
Completed 404 Not Found in 62ms (ActiveRecord: 4.2ms | Allocations: 3973)


  
ActiveRecord::RecordNotFound (Couldn't find Article with 'id'=new):
  
app/controllers/articles_controller.rb:7:in `show'
Started GET "/articles/1" for 127.0.0.1 at 2023-09-11 19:51:34 -0300
Processing by ArticlesController#show as HTML
  Parameters: {"id"=>"1"}
  [1m[36mArticle Load (0.2ms)[0m  [1m[34mSELECT "articles".* FROM "articles" WHERE "articles"."id" = ? LIMIT ?[0m  [["id", 1], ["LIMIT", 1]]
  ↳ app/controllers/articles_controller.rb:7:in `show'
  Rendering layout layouts/application.html.erb
  Rendering articles/show.html.erb within layouts/application
  Rendered articles/show.html.erb within layouts/application (Duration: 6.2ms | Allocations: 158)
  Rendered layout layouts/application.html.erb (Duration: 1508.9ms | Allocations: 32993)
Completed 200 OK in 1627ms (Views: 1537.9ms | ActiveRecord: 0.2ms | Allocations: 35441)


Started GET "/articles/new" for 127.0.0.1 at 2023-09-11 19:55:50 -0300
  [1m[36mActiveRecord::SchemaMigration Pluck (1.0ms)[0m  [1m[34mSELECT "schema_migrations"."version" FROM "schema_migrations" ORDER BY "schema_migrations"."version" ASC[0m
Processing by ArticlesController#show as HTML
  Parameters: {"id"=>"new"}
  [1m[36mArticle Load (0.6ms)[0m  [1m[34mSELECT "articles".* FROM "articles" WHERE "articles"."id" = ? LIMIT ?[0m  [["id", nil], ["LIMIT", 1]]
  ↳ app/controllers/articles_controller.rb:7:in `show'
Completed 404 Not Found in 153ms (ActiveRecord: 2.4ms | Allocations: 5376)


  
ActiveRecord::RecordNotFound (Couldn't find Article with 'id'=new):
  
app/controllers/articles_controller.rb:7:in `show'
Started GET "/articles/new" for 127.0.0.1 at 2023-09-11 19:58:06 -0300
Processing by ArticlesController#show as HTML
  Parameters: {"id"=>"new"}
  [1m[36mArticle Load (0.2ms)[0m  [1m[34mSELECT "articles".* FROM "articles" WHERE "articles"."id" = ? LIMIT ?[0m  [["id", nil], ["LIMIT", 1]]
  ↳ app/controllers/articles_controller.rb:7:in `show'
Completed 404 Not Found in 19ms (ActiveRecord: 0.2ms | Allocations: 932)


  
ActiveRecord::RecordNotFound (Couldn't find Article with 'id'=new):
  
app/controllers/articles_controller.rb:7:in `show'
Started GET "/" for 127.0.0.1 at 2023-09-11 20:00:41 -0300
Processing by ArticlesController#index as HTML
  Rendering layout layouts/application.html.erb
  Rendering articles/index.html.erb within layouts/application
  [1m[36mArticle Load (0.3ms)[0m  [1m[34mSELECT "articles".* FROM "articles"[0m
  ↳ app/views/articles/index.html.erb:4
  Rendered articles/index.html.erb within layouts/application (Duration: 232.9ms | Allocations: 5995)
  Rendered layout layouts/application.html.erb (Duration: 234.4ms | Allocations: 6084)
Completed 500 Internal Server Error in 309ms (ActiveRecord: 3.0ms | Allocations: 7777)


  
ActionView::Template::Error (undefined method `article_path' for #<ActionView::Base:0x0000000000e7e0>):
    3: <ul>
    4:   <% @articles.each do |article| %>
    5:     <li>
    6:       <%= link_to article.title, article %>
    7:     </li>
    8:   <% end %>
    9: </ul>
  
app/views/articles/index.html.erb:6
app/views/articles/index.html.erb:4
Started GET "/" for 127.0.0.1 at 2023-09-11 20:02:31 -0300
Processing by ArticlesController#index as HTML
  Rendering layout layouts/application.html.erb
  Rendering articles/index.html.erb within layouts/application
  [1m[36mArticle Load (0.3ms)[0m  [1m[34mSELECT "articles".* FROM "articles"[0m
  ↳ app/views/articles/index.html.erb:1
  Rendered articles/index.html.erb within layouts/application (Duration: 65.6ms | Allocations: 1665)
  Rendered layout layouts/application.html.erb (Duration: 67.3ms | Allocations: 1754)
Completed 500 Internal Server Error in 88ms (ActiveRecord: 0.3ms | Allocations: 2560)


  
ActionView::Template::Error (undefined method `article_path' for #<ActionView::Base:0x0000000000eb28>):
    1: <% @articles.each do |article| %>
    2:   <li>
    3:     <%= link_to article.title, article_path(article) %>
    4:   </li>
    5: <% end %>
  
app/views/articles/index.html.erb:3
app/views/articles/index.html.erb:1
Started GET "/" for 127.0.0.1 at 2023-09-11 20:03:51 -0300
Processing by ArticlesController#index as HTML
  Rendering layout layouts/application.html.erb
  Rendering articles/index.html.erb within layouts/application
  [1m[36mArticle Load (11.0ms)[0m  [1m[34mSELECT "articles".* FROM "articles"[0m
  ↳ app/views/articles/index.html.erb:1
  Rendered articles/index.html.erb within layouts/application (Duration: 64.7ms | Allocations: 1510)
  Rendered layout layouts/application.html.erb (Duration: 81.6ms | Allocations: 1598)
Completed 500 Internal Server Error in 102ms (ActiveRecord: 11.0ms | Allocations: 1851)


  
ActionView::Template::Error (undefined method `article_path' for #<ActionView::Base:0x0000000000ee48>):
    1: <% @articles.each do |article| %>
    2:   <li>
    3:     <%= link_to article.title, article_path(article) %>
    4:   </li>
    5: <% end %>
  
app/views/articles/index.html.erb:3
app/views/articles/index.html.erb:1
Started GET "/" for 127.0.0.1 at 2023-09-11 20:04:31 -0300
  [1m[36mActiveRecord::SchemaMigration Pluck (6.6ms)[0m  [1m[34mSELECT "schema_migrations"."version" FROM "schema_migrations" ORDER BY "schema_migrations"."version" ASC[0m
Processing by ArticlesController#index as HTML
  Rendering layout layouts/application.html.erb
  Rendering articles/index.html.erb within layouts/application
  [1m[36mArticle Load (0.3ms)[0m  [1m[34mSELECT "articles".* FROM "articles"[0m
  ↳ app/views/articles/index.html.erb:1
  Rendered articles/index.html.erb within layouts/application (Duration: 104.3ms | Allocations: 6561)
  Rendered layout layouts/application.html.erb (Duration: 113.8ms | Allocations: 6663)
Completed 500 Internal Server Error in 224ms (ActiveRecord: 6.9ms | Allocations: 11345)


  
ActionView::Template::Error (undefined method `article_path' for #<ActionView::Base:0x0000000000a6b8>):
    1: <% @articles.each do |article| %>
    2:   <li>
    3:     <%= link_to article.title, article_path(article) %>
    4:   </li>
    5: <% end %>
  
app/views/articles/index.html.erb:3
app/views/articles/index.html.erb:1
Started GET "/" for 127.0.0.1 at 2023-09-11 22:29:25 -0300
Processing by ArticlesController#index as HTML
  Rendering layout layouts/application.html.erb
  Rendering articles/index.html.erb within layouts/application
  [1m[36mArticle Load (1.5ms)[0m  [1m[34mSELECT "articles".* FROM "articles"[0m
  ↳ app/views/articles/index.html.erb:1
  Rendered articles/index.html.erb within layouts/application (Duration: 705.7ms | Allocations: 1674)
  Rendered layout layouts/application.html.erb (Duration: 711.0ms | Allocations: 1765)
Completed 500 Internal Server Error in 1110ms (ActiveRecord: 39.8ms | Allocations: 2018)


  
ActionView::Template::Error (undefined method `article_path' for #<ActionView::Base:0x0000000000a9d8>):
    1: <% @articles.each do |article| %>
    2:   <li>
    3:     <%= link_to article.title, article_path(article) %>
    4:   </li>
    5: <% end %>
  
app/views/articles/index.html.erb:3
app/views/articles/index.html.erb:1
Started GET "/" for 127.0.0.1 at 2023-09-11 22:30:25 -0300
Processing by ArticlesController#index as HTML
  Rendering layout layouts/application.html.erb
  Rendering articles/index.html.erb within layouts/application
  [1m[36mArticle Load (0.3ms)[0m  [1m[34mSELECT "articles".* FROM "articles"[0m
  ↳ app/views/articles/index.html.erb:4
  Rendered articles/index.html.erb within layouts/application (Duration: 144.7ms | Allocations: 1704)
  Rendered layout layouts/application.html.erb (Duration: 168.2ms | Allocations: 1793)
Completed 500 Internal Server Error in 307ms (ActiveRecord: 0.3ms | Allocations: 2605)


  
ActionView::Template::Error (undefined method `article_path' for #<ActionView::Base:0x0000000000ad20>):
    3: <ul>
    4:   <% @articles.each do |article| %>
    5:     <li>
    6:       <a href="<%= article_path(article) %>">
    7:         <%= article.title %>
    8:       </a>
    9:     </li>
  
app/views/articles/index.html.erb:6
app/views/articles/index.html.erb:4
Started GET "/" for 127.0.0.1 at 2023-09-11 22:31:05 -0300
Processing by ArticlesController#index as HTML
  Rendering layout layouts/application.html.erb
  Rendering articles/index.html.erb within layouts/application
  [1m[36mArticle Load (0.2ms)[0m  [1m[34mSELECT "articles".* FROM "articles"[0m
  ↳ app/views/articles/index.html.erb:4
  Rendered articles/index.html.erb within layouts/application (Duration: 96.2ms | Allocations: 1698)
  Rendered layout layouts/application.html.erb (Duration: 118.1ms | Allocations: 1787)
Completed 500 Internal Server Error in 209ms (ActiveRecord: 0.2ms | Allocations: 2594)


  
ActionView::Template::Error (undefined method `article_path' for #<ActionView::Base:0x0000000000b090>):
    3: <ul>
    4:   <% @articles.each do |article| %>
    5:     <li>
    6:       <a href="<%= article_path(article) %>">
    7:         <%= article.title %>
    8:       </a>
    9:     </li>
  
app/views/articles/index.html.erb:6
app/views/articles/index.html.erb:4
Started GET "/" for 127.0.0.1 at 2023-09-11 22:38:54 -0300
Processing by ArticlesController#index as HTML
  Rendering layout layouts/application.html.erb
  Rendering articles/index.html.erb within layouts/application
  [1m[36mArticle Load (15.1ms)[0m  [1m[34mSELECT "articles".* FROM "articles"[0m
  ↳ app/views/articles/index.html.erb:4
  Rendered articles/index.html.erb within layouts/application (Duration: 60.3ms | Allocations: 1644)
  Rendered layout layouts/application.html.erb (Duration: 80.6ms | Allocations: 1731)
Completed 500 Internal Server Error in 120ms (ActiveRecord: 15.8ms | Allocations: 1977)


  
ActionView::Template::Error (undefined method `article_path' for #<ActionView::Base:0x0000000000b3b0>):
    3: <ul>
    4:   <% @articles.each do |article| %>
    5:     <li>
    6:       <a href="<%= article_path(article) %>">
    7:         <%= article.title %>
    8:       </a>
    9:     </li>
  
app/views/articles/index.html.erb:6
app/views/articles/index.html.erb:4
Started GET "/articles/new" for 127.0.0.1 at 2023-09-11 22:40:38 -0300
Processing by ArticlesController#show as HTML
  Parameters: {"id"=>"new"}
  [1m[36mArticle Load (1.5ms)[0m  [1m[34mSELECT "articles".* FROM "articles" WHERE "articles"."id" = ? LIMIT ?[0m  [["id", nil], ["LIMIT", 1]]
  ↳ app/controllers/articles_controller.rb:7:in `show'
Completed 404 Not Found in 552ms (ActiveRecord: 1.5ms | Allocations: 7656)


  
ActiveRecord::RecordNotFound (Couldn't find Article with 'id'=new):
  
app/controllers/articles_controller.rb:7:in `show'
Started GET "/" for 127.0.0.1 at 2023-09-11 22:40:50 -0300
Processing by ArticlesController#index as HTML
  Rendering layout layouts/application.html.erb
  Rendering articles/index.html.erb within layouts/application
  [1m[36mArticle Load (0.3ms)[0m  [1m[34mSELECT "articles".* FROM "articles"[0m
  ↳ app/views/articles/index.html.erb:4
  Rendered articles/index.html.erb within layouts/application (Duration: 109.8ms | Allocations: 1691)
  Rendered layout layouts/application.html.erb (Duration: 136.7ms | Allocations: 1779)
Completed 500 Internal Server Error in 232ms (ActiveRecord: 0.3ms | Allocations: 2537)


  
ActionView::Template::Error (undefined method `article_path' for #<ActionView::Base:0x0000000000bb58>):
    3: <ul>
    4:   <% @articles.each do |article| %>
    5:     <li>
    6:       <a href="<%= article_path(article) %>">
    7:         <%= article.title %>
    8:       </a>
    9:     </li>
  
app/views/articles/index.html.erb:6
app/views/articles/index.html.erb:4
Started GET "/articles/new" for 127.0.0.1 at 2023-09-12 19:17:15 -0300
  [1m[36mActiveRecord::SchemaMigration Pluck (0.3ms)[0m  [1m[34mSELECT "schema_migrations"."version" FROM "schema_migrations" ORDER BY "schema_migrations"."version" ASC[0m
Processing by ArticlesController#show as HTML
  Parameters: {"id"=>"new"}
  [1m[36mArticle Load (0.4ms)[0m  [1m[34mSELECT "articles".* FROM "articles" WHERE "articles"."id" = ? LIMIT ?[0m  [["id", nil], ["LIMIT", 1]]
  ↳ app/controllers/articles_controller.rb:7:in `show'
Completed 404 Not Found in 174ms (ActiveRecord: 5.9ms | Allocations: 5362)


  
ActiveRecord::RecordNotFound (Couldn't find Article with 'id'=new):
  
app/controllers/articles_controller.rb:7:in `show'
Started GET "/" for 127.0.0.1 at 2023-09-12 19:21:03 -0300
Processing by ArticlesController#index as HTML
  Rendering layout layouts/application.html.erb
  Rendering articles/index.html.erb within layouts/application
  [1m[36mArticle Load (25.3ms)[0m  [1m[34mSELECT "articles".* FROM "articles"[0m
  ↳ app/views/articles/index.html.erb:4
  Rendered articles/index.html.erb within layouts/application (Duration: 356.9ms | Allocations: 12816)
  Rendered layout layouts/application.html.erb (Duration: 365.8ms | Allocations: 12905)
Completed 500 Internal Server Error in 476ms (ActiveRecord: 25.3ms | Allocations: 13837)


  
ActionView::Template::Error (undefined method `article_path' for #<ActionView::Base:0x0000000000abb8>):
    3: <ul>
    4:   <% @articles.each do |article| %>
    5:     <li>
    6:       <a href="<%= article_path(article) %>">
    7:         <%= article.title %>
    8:       </a>
    9:     </li>
  
app/views/articles/index.html.erb:6
app/views/articles/index.html.erb:4
Started GET "/articles/1" for 127.0.0.1 at 2023-09-12 19:26:25 -0300
Processing by ArticlesController#show as HTML
  Parameters: {"id"=>"1"}
  [1m[36mArticle Load (8.8ms)[0m  [1m[34mSELECT "articles".* FROM "articles" WHERE "articles"."id" = ? LIMIT ?[0m  [["id", 1], ["LIMIT", 1]]
  ↳ app/controllers/articles_controller.rb:7:in `show'
  Rendering layout layouts/application.html.erb
  Rendering articles/show.html.erb within layouts/application
  Rendered articles/show.html.erb within layouts/application (Duration: 167.3ms | Allocations: 154)
  Rendered layout layouts/application.html.erb (Duration: 2721.0ms | Allocations: 32592)
Completed 200 OK in 3333ms (Views: 2798.6ms | ActiveRecord: 44.0ms | Allocations: 33601)


Started GET "/" for 127.0.0.1 at 2023-09-12 19:26:51 -0300
Processing by ArticlesController#index as HTML
  Rendering layout layouts/application.html.erb
  Rendering articles/index.html.erb within layouts/application
  [1m[36mArticle Load (0.5ms)[0m  [1m[34mSELECT "articles".* FROM "articles"[0m
  ↳ app/views/articles/index.html.erb:4
  Rendered articles/index.html.erb within layouts/application (Duration: 231.9ms | Allocations: 1526)
  Rendered layout layouts/application.html.erb (Duration: 235.6ms | Allocations: 1613)
Completed 500 Internal Server Error in 328ms (ActiveRecord: 0.5ms | Allocations: 1858)


  
ActionView::Template::Error (undefined method `article_path' for #<ActionView::Base:0x0000000000b158>):
    3: <ul>
    4:   <% @articles.each do |article| %>
    5:     <li>
    6:       <a href="<%= article_path(article) %>">
    7:         <%= article.title %>
    8:       </a>
    9:     </li>
  
app/views/articles/index.html.erb:6
app/views/articles/index.html.erb:4
Started GET "/articles/new" for 127.0.0.1 at 2023-09-12 19:47:42 -0300
Processing by ArticlesController#show as HTML
  Parameters: {"id"=>"new"}
  [1m[36mArticle Load (0.3ms)[0m  [1m[34mSELECT "articles".* FROM "articles" WHERE "articles"."id" = ? LIMIT ?[0m  [["id", nil], ["LIMIT", 1]]
  ↳ app/controllers/articles_controller.rb:7:in `show'
Completed 404 Not Found in 319ms (ActiveRecord: 8.7ms | Allocations: 1069)


  
ActiveRecord::RecordNotFound (Couldn't find Article with 'id'=new):
  
app/controllers/articles_controller.rb:7:in `show'
Started GET "/articles/new" for 127.0.0.1 at 2023-09-12 21:53:17 -0300
Processing by ArticlesController#show as HTML
  Parameters: {"id"=>"new"}
  [1m[36mArticle Load (4.0ms)[0m  [1m[34mSELECT "articles".* FROM "articles" WHERE "articles"."id" = ? LIMIT ?[0m  [["id", nil], ["LIMIT", 1]]
  ↳ app/controllers/articles_controller.rb:7:in `show'
Completed 404 Not Found in 752ms (ActiveRecord: 101.7ms | Allocations: 1069)


  
ActiveRecord::RecordNotFound (Couldn't find Article with 'id'=new):
  
app/controllers/articles_controller.rb:7:in `show'
Started GET "/" for 127.0.0.1 at 2023-09-13 00:20:43 -0300
  [1m[36mActiveRecord::SchemaMigration Pluck (0.3ms)[0m  [1m[34mSELECT "schema_migrations"."version" FROM "schema_migrations" ORDER BY "schema_migrations"."version" ASC[0m
Processing by ArticlesController#index as HTML
Completed 500 Internal Server Error in 42ms (ActiveRecord: 0.0ms | Allocations: 1977)


  
SyntaxError (/home/isaac/blog/app/models/article.rb:1: syntax error, unexpected '<'
<h1>Articles</h1>
^
):
  
app/models/article.rb:1: syntax error, unexpected '<'
app/models/article.rb:1: syntax error, unexpected '<'
app/models/article.rb:1: syntax error, unexpected '<'
app/controllers/articles_controller.rb:3:in `index'
Started GET "/" for 127.0.0.1 at 2023-09-20 19:56:36 -0300
  [1m[36mActiveRecord::SchemaMigration Pluck (0.3ms)[0m  [1m[34mSELECT "schema_migrations"."version" FROM "schema_migrations" ORDER BY "schema_migrations"."version" ASC[0m
Processing by ArticlesController#index as HTML
Completed 500 Internal Server Error in 23ms (ActiveRecord: 0.0ms | Allocations: 1981)


  
SyntaxError (/home/isaac/blog/app/models/article.rb:1: syntax error, unexpected '<'
<h1>Articles</h1>
^
):
  
app/models/article.rb:1: syntax error, unexpected '<'
app/models/article.rb:1: syntax error, unexpected '<'
app/models/article.rb:1: syntax error, unexpected '<'
app/controllers/articles_controller.rb:3:in `index'
Started GET "/" for 127.0.0.1 at 2023-09-20 21:50:44 -0300
Processing by ArticlesController#index as HTML
Completed 500 Internal Server Error in 36ms (ActiveRecord: 0.0ms | Allocations: 752)


  
SyntaxError (/home/isaac/blog/app/models/article.rb:1: syntax error, unexpected '<'
<h1>Articles</h1>
^
):
  
app/models/article.rb:1: syntax error, unexpected '<'
app/models/article.rb:1: syntax error, unexpected '<'
app/models/article.rb:1: syntax error, unexpected '<'
app/controllers/articles_controller.rb:3:in `index'
Started GET "/" for 127.0.0.1 at 2023-09-20 21:51:08 -0300
Processing by ArticlesController#index as HTML
Completed 500 Internal Server Error in 35ms (ActiveRecord: 0.0ms | Allocations: 766)


  
SyntaxError (/home/isaac/blog/app/models/article.rb:1: syntax error, unexpected '<'
<h1>Articles</h1>
^
):
  
app/models/article.rb:1: syntax error, unexpected '<'
app/models/article.rb:1: syntax error, unexpected '<'
app/models/article.rb:1: syntax error, unexpected '<'
app/controllers/articles_controller.rb:3:in `index'
Started GET "/" for 127.0.0.1 at 2023-09-20 21:52:38 -0300
Processing by ArticlesController#index as HTML
  Rendering layout layouts/application.html.erb
  Rendering articles/index.html.erb within layouts/application
  [1m[36mArticle Load (12.6ms)[0m  [1m[34mSELECT "articles".* FROM "articles"[0m
  ↳ app/views/articles/index.html.erb:4
  Rendered articles/index.html.erb within layouts/application (Duration: 970.5ms | Allocations: 5459)
  Rendered layout layouts/application.html.erb (Duration: 3064.0ms | Allocations: 37858)
Completed 200 OK in 3863ms (Views: 3079.4ms | ActiveRecord: 57.4ms | Allocations: 39725)


Started GET "/articles/1" for 127.0.0.1 at 2023-09-20 21:52:47 -0300
Processing by ArticlesController#show as HTML
  Parameters: {"id"=>"1"}
  [1m[36mArticle Load (0.7ms)[0m  [1m[34mSELECT "articles".* FROM "articles" WHERE "articles"."id" = ? LIMIT ?[0m  [["id", 1], ["LIMIT", 1]]
  ↳ app/controllers/articles_controller.rb:7:in `show'
  Rendering layout layouts/application.html.erb
  Rendering articles/show.html.erb within layouts/application
  Rendered articles/show.html.erb within layouts/application (Duration: 21.9ms | Allocations: 146)
  Rendered layout layouts/application.html.erb (Duration: 82.9ms | Allocations: 2427)
Completed 200 OK in 205ms (Views: 86.7ms | ActiveRecord: 0.7ms | Allocations: 5025)


Started GET "/articles/new" for 127.0.0.1 at 2023-09-20 21:52:50 -0300
Processing by ArticlesController#new as HTML
  Rendering layout layouts/application.html.erb
  Rendering articles/new.html.erb within layouts/application
  Rendered articles/new.html.erb within layouts/application (Duration: 173.9ms | Allocations: 2643)
  Rendered layout layouts/application.html.erb (Duration: 192.9ms | Allocations: 4748)
Completed 200 OK in 242ms (Views: 222.5ms | ActiveRecord: 0.0ms | Allocations: 5110)


Started GET "/articles/new" for 127.0.0.1 at 2023-09-20 22:07:53 -0300
Started GET "/articles/1" for 127.0.0.1 at 2023-09-20 22:07:55 -0300
Processing by ArticlesController#new as HTML
Processing by ArticlesController#show as HTML
  Parameters: {"id"=>"1"}
  Rendering layout layouts/application.html.erb
  Rendering articles/new.html.erb within layouts/application
  Rendered articles/new.html.erb within layouts/application (Duration: 59.2ms | Allocations: 903)
  [1m[36mArticle Load (0.4ms)[0m  [1m[34mSELECT "articles".* FROM "articles" WHERE "articles"."id" = ? LIMIT ?[0m  [["id", 1], ["LIMIT", 1]]
  ↳ app/controllers/articles_controller.rb:7:in `show'
  Rendering layout layouts/application.html.erb
  Rendering articles/show.html.erb within layouts/application
  Rendered articles/show.html.erb within layouts/application (Duration: 0.1ms | Allocations: 11)
  Rendered layout layouts/application.html.erb (Duration: 249.1ms | Allocations: 5528)
Completed 200 OK in 303ms (Views: 287.1ms | ActiveRecord: 0.0ms | Allocations: 6106)


  Rendered layout layouts/application.html.erb (Duration: 177.3ms | Allocations: 4190)
Completed 200 OK in 325ms (Views: 202.0ms | ActiveRecord: 1.4ms | Allocations: 6949)


Started GET "/articles/new" for 127.0.0.1 at 2023-09-20 22:07:57 -0300
Processing by ArticlesController#new as HTML
  Rendering layout layouts/application.html.erb
  Rendering articles/new.html.erb within layouts/application
  Rendered articles/new.html.erb within layouts/application (Duration: 77.5ms | Allocations: 922)
  Rendered layout layouts/application.html.erb (Duration: 259.6ms | Allocations: 3062)
Completed 200 OK in 314ms (Views: 313.2ms | ActiveRecord: 0.0ms | Allocations: 3337)


Started GET "/articles/1" for 127.0.0.1 at 2023-09-20 22:08:02 -0300
Processing by ArticlesController#show as HTML
  Parameters: {"id"=>"1"}
  [1m[36mArticle Load (0.2ms)[0m  [1m[34mSELECT "articles".* FROM "articles" WHERE "articles"."id" = ? LIMIT ?[0m  [["id", 1], ["LIMIT", 1]]
  ↳ app/controllers/articles_controller.rb:7:in `show'
  Rendering layout layouts/application.html.erb
  Rendering articles/show.html.erb within layouts/application
  Rendered articles/show.html.erb within layouts/application (Duration: 0.2ms | Allocations: 11)
  Rendered layout layouts/application.html.erb (Duration: 145.8ms | Allocations: 2289)
Completed 200 OK in 206ms (Views: 170.9ms | ActiveRecord: 0.2ms | Allocations: 3027)


